<?xml version="1.0" encoding="UTF-8"?>
<testng-results ignored="0" total="2" passed="2" failed="0" skipped="0">
  <reporter-output>
  </reporter-output>
  <suite started-at="2022-04-15T21:17:06 IST" name="Suite" finished-at="2022-04-15T21:17:44 IST" duration-ms="38150">
    <groups>
    </groups>
    <test started-at="2022-04-15T21:17:06 IST" name="testNG" finished-at="2022-04-15T21:17:44 IST" duration-ms="38150">
      <class name="com.TestCases.VerifySingInFlow">
        <test-method is-config="true" signature="LaunchBrowser()[pri:0, instance:com.TestCases.VerifySingInFlow@7bab3f1a]" started-at="2022-04-15T21:17:06 IST" name="LaunchBrowser" finished-at="2022-04-15T21:17:20 IST" duration-ms="13459" status="PASS">
          <reporter-output>
          </reporter-output>
        </test-method> <!-- LaunchBrowser -->
        <test-method signature="executeSingInFlow()[pri:0, instance:com.TestCases.VerifySingInFlow@7bab3f1a]" started-at="2022-04-15T21:17:20 IST" name="executeSingInFlow" finished-at="2022-04-15T21:17:23 IST" duration-ms="3253" status="PASS">
          <reporter-output>
          </reporter-output>
        </test-method> <!-- executeSingInFlow -->
        <test-method is-config="true" signature="quiteBrowser()[pri:0, instance:com.TestCases.VerifySingInFlow@7bab3f1a]" started-at="2022-04-15T21:17:23 IST" name="quiteBrowser" finished-at="2022-04-15T21:17:24 IST" duration-ms="594" status="PASS">
          <reporter-output>
          </reporter-output>
        </test-method> <!-- quiteBrowser -->
      </class> <!-- com.TestCases.VerifySingInFlow -->
      <class name="com.TestCases.VerifySingUpFlow">
        <test-method is-config="true" signature="LaunchBrowser()[pri:0, instance:com.TestCases.VerifySingUpFlow@49049a04]" started-at="2022-04-15T21:17:24 IST" name="LaunchBrowser" finished-at="2022-04-15T21:17:32 IST" duration-ms="8489" status="PASS">
          <reporter-output>
          </reporter-output>
        </test-method> <!-- LaunchBrowser -->
        <test-method signature="executeSignUpFlow()[pri:0, instance:com.TestCases.VerifySingUpFlow@49049a04]" started-at="2022-04-15T21:17:32 IST" name="executeSignUpFlow" finished-at="2022-04-15T21:17:44 IST" duration-ms="11903" status="PASS">
          <reporter-output>
          </reporter-output>
        </test-method> <!-- executeSignUpFlow -->
        <test-method is-config="true" signature="quiteBrowser()[pri:0, instance:com.TestCases.VerifySingUpFlow@49049a04]" started-at="2022-04-15T21:17:44 IST" name="quiteBrowser" finished-at="2022-04-15T21:17:44 IST" duration-ms="342" status="PASS">
          <reporter-output>
          </reporter-output>
        </test-method> <!-- quiteBrowser -->
      </class> <!-- com.TestCases.VerifySingUpFlow -->
    </test> <!-- testNG -->
  </suite> <!-- Suite -->
</testng-results>
